Assembler report for film_scanner
<<<<<<< HEAD
Mon Sep 18 11:23:04 2017
=======
Thu Sep 07 22:05:03 2017
>>>>>>> control
Quartus II 64-Bit Version 15.0.0 Build 145 04/22/2015 Patches 0.01we SJ Web Edition


---------------------
; Table of Contents ;
---------------------
  1. Legal Notice
  2. Assembler Summary
  3. Assembler Settings
  4. Assembler Generated Files
  5. Assembler Device Options: D:/FilmScannerFPGA/quartus/output_files/film_scanner.sof
  6. Assembler Messages



----------------
; Legal Notice ;
----------------
Copyright (C) 1991-2015 Altera Corporation. All rights reserved.
Your use of Altera Corporation's design tools, logic functions 
and other software and tools, and its AMPP partner logic 
functions, and any output files from any of the foregoing 
(including device programming or simulation files), and any 
associated documentation or information are expressly subject 
to the terms and conditions of the Altera Program License 
Subscription Agreement, the Altera Quartus II License Agreement,
the Altera MegaCore Function License Agreement, or other 
applicable license agreement, including, without limitation, 
that your use is for the sole purpose of programming logic 
devices manufactured by Altera and sold by Altera or its 
authorized distributors.  Please refer to the applicable 
agreement for further details.



+---------------------------------------------------------------+
; Assembler Summary                                             ;
+-----------------------+---------------------------------------+
<<<<<<< HEAD
; Assembler Status      ; Successful - Mon Sep 18 11:23:04 2017 ;
=======
; Assembler Status      ; Successful - Thu Sep 07 22:05:03 2017 ;
>>>>>>> control
; Revision Name         ; film_scanner                          ;
; Top-level Entity Name ; film_scanner                          ;
; Family                ; Cyclone IV E                          ;
; Device                ; EP4CE6E22C6                           ;
+-----------------------+---------------------------------------+


+----------------------------------+
; Assembler Settings               ;
+--------+---------+---------------+
; Option ; Setting ; Default Value ;
+--------+---------+---------------+


+----------------------------------------------------------+
; Assembler Generated Files                                ;
+----------------------------------------------------------+
; File Name                                                ;
+----------------------------------------------------------+
; D:/FilmScannerFPGA/quartus/output_files/film_scanner.sof ;
+----------------------------------------------------------+


+------------------------------------------------------------------------------------+
; Assembler Device Options: D:/FilmScannerFPGA/quartus/output_files/film_scanner.sof ;
+----------------+-------------------------------------------------------------------+
; Option         ; Setting                                                           ;
+----------------+-------------------------------------------------------------------+
; Device         ; EP4CE6E22C6                                                       ;
<<<<<<< HEAD
; JTAG usercode  ; 0x000A80E1                                                        ;
; Checksum       ; 0x000A80E1                                                        ;
=======
; JTAG usercode  ; 0x0009F625                                                        ;
; Checksum       ; 0x0009F625                                                        ;
>>>>>>> control
+----------------+-------------------------------------------------------------------+


+--------------------+
; Assembler Messages ;
+--------------------+
Info: *******************************************************************
Info: Running Quartus II 64-Bit Assembler
    Info: Version 15.0.0 Build 145 04/22/2015 Patches 0.01we SJ Web Edition
<<<<<<< HEAD
    Info: Processing started: Mon Sep 18 11:23:03 2017
=======
    Info: Processing started: Thu Sep 07 22:05:03 2017
>>>>>>> control
Info: Command: quartus_asm --read_settings_files=off --write_settings_files=off film_scanner -c film_scanner
Info (115031): Writing out detailed assembly data for power analysis
Info (115030): Assembler is generating device programming files
Info: Quartus II 64-Bit Assembler was successful. 0 errors, 0 warnings
<<<<<<< HEAD
    Info: Peak virtual memory: 600 megabytes
    Info: Processing ended: Mon Sep 18 11:23:04 2017
=======
    Info: Peak virtual memory: 602 megabytes
    Info: Processing ended: Thu Sep 07 22:05:04 2017
>>>>>>> control
    Info: Elapsed time: 00:00:01
    Info: Total CPU time (on all processors): 00:00:01


