Flow report for film_scanner
Fri May 12 18:13:07 2017
Quartus II 64-Bit Version 15.0.0 Build 145 04/22/2015 Patches 0.01we SJ Web Edition


---------------------
; Table of Contents ;
---------------------
  1. Legal Notice
  2. Flow Summary
  3. Flow Settings
  4. Flow Non-Default Global Settings
  5. Flow Elapsed Time
  6. Flow OS Summary
  7. Flow Log
  8. Flow Messages
  9. Flow Suppressed Messages



----------------
; Legal Notice ;
----------------
Copyright (C) 1991-2015 Altera Corporation. All rights reserved.
Your use of Altera Corporation's design tools, logic functions 
and other software and tools, and its AMPP partner logic 
functions, and any output files from any of the foregoing 
(including device programming or simulation files), and any 
associated documentation or information are expressly subject 
to the terms and conditions of the Altera Program License 
Subscription Agreement, the Altera Quartus II License Agreement,
the Altera MegaCore Function License Agreement, or other 
applicable license agreement, including, without limitation, 
that your use is for the sole purpose of programming logic 
devices manufactured by Altera and sold by Altera or its 
authorized distributors.  Please refer to the applicable 
agreement for further details.



+------------------------------------------------------------------------------------------------+
; Flow Summary                                                                                   ;
+------------------------------------+-----------------------------------------------------------+
; Flow Status                        ; Successful - Fri May 12 18:13:07 2017                     ;
; Quartus II 64-Bit Version          ; 15.0.0 Build 145 04/22/2015 Patches 0.01we SJ Web Edition ;
; Revision Name                      ; film_scanner                                              ;
; Top-level Entity Name              ; film_scanner                                              ;
; Family                             ; Cyclone IV E                                              ;
; Device                             ; EP4CE6E22C6                                               ;
; Timing Models                      ; Final                                                     ;
; Total logic elements               ; 445 / 6,272 ( 7 % )                                       ;
;     Total combinational functions  ; 267 / 6,272 ( 4 % )                                       ;
;     Dedicated logic registers      ; 343 / 6,272 ( 5 % )                                       ;
; Total registers                    ; 343                                                       ;
; Total pins                         ; 46 / 92 ( 50 % )                                          ;
; Total virtual pins                 ; 0                                                         ;
; Total memory bits                  ; 4,096 / 276,480 ( 1 % )                                   ;
; Embedded Multiplier 9-bit elements ; 0 / 30 ( 0 % )                                            ;
; Total PLLs                         ; 1 / 2 ( 50 % )                                            ;
+------------------------------------+-----------------------------------------------------------+


+-----------------------------------------+
; Flow Settings                           ;
+-------------------+---------------------+
; Option            ; Setting             ;
+-------------------+---------------------+
; Start date & time ; 05/12/2017 18:12:31 ;
; Main task         ; Compilation         ;
; Revision Name     ; film_scanner        ;
+-------------------+---------------------+


+----------------------------------------------------------------------------------------------------------------------------+
; Flow Non-Default Global Settings                                                                                           ;
+-------------------------------------+---------------------------------------+---------------+-------------+----------------+
; Assignment Name                     ; Value                                 ; Default Value ; Entity Name ; Section Id     ;
+-------------------------------------+---------------------------------------+---------------+-------------+----------------+
; COMPILER_SIGNATURE_ID               ; 22866944378455.149460915124728        ; --            ; --          ; --             ;
; EDA_OUTPUT_DATA_FORMAT              ; Systemverilog Hdl                     ; --            ; --          ; eda_simulation ;
; EDA_SIMULATION_TOOL                 ; ModelSim-Altera (SystemVerilog)       ; <None>        ; --          ; --             ;
; MAX_CORE_JUNCTION_TEMP              ; 85                                    ; --            ; --          ; --             ;
; MIN_CORE_JUNCTION_TEMP              ; 0                                     ; --            ; --          ; --             ;
; MISC_FILE                           ; pll_80_inst.v                         ; --            ; --          ; --             ;
; MISC_FILE                           ; pll_80.ppf                            ; --            ; --          ; --             ;
; NOMINAL_CORE_SUPPLY_VOLTAGE         ; 1.2V                                  ; --            ; --          ; --             ;
; PARTITION_COLOR                     ; 16764057                              ; --            ; --          ; Top            ;
; PARTITION_FITTER_PRESERVATION_LEVEL ; PLACEMENT_AND_ROUTING                 ; --            ; --          ; Top            ;
; PARTITION_NETLIST_TYPE              ; SOURCE                                ; --            ; --          ; Top            ;
; POWER_BOARD_THERMAL_MODEL           ; None (CONSERVATIVE)                   ; --            ; --          ; --             ;
; POWER_PRESET_COOLING_SOLUTION       ; 23 MM HEAT SINK WITH 200 LFPM AIRFLOW ; --            ; --          ; --             ;
; PROJECT_OUTPUT_DIRECTORY            ; output_files                          ; --            ; --          ; --             ;
+-------------------------------------+---------------------------------------+---------------+-------------+----------------+


+-------------------------------------------------------------------------------------------------------------------------------+
; Flow Elapsed Time                                                                                                             ;
+---------------------------+--------------+-------------------------+---------------------+------------------------------------+
; Module Name               ; Elapsed Time ; Average Processors Used ; Peak Virtual Memory ; Total CPU Time (on all processors) ;
+---------------------------+--------------+-------------------------+---------------------+------------------------------------+
; Analysis & Synthesis      ; 00:00:15     ; 1.0                     ; 711 MB              ; 00:00:25                           ;
; Fitter                    ; 00:00:07     ; 1.0                     ; 1392 MB             ; 00:00:08                           ;
; Assembler                 ; 00:00:01     ; 1.0                     ; 609 MB              ; 00:00:01                           ;
; TimeQuest Timing Analyzer ; 00:00:04     ; 1.0                     ; 722 MB              ; 00:00:03                           ;
; EDA Netlist Writer        ; 00:00:01     ; 1.0                     ; 584 MB              ; 00:00:01                           ;
; Total                     ; 00:00:28     ; --                      ; --                  ; 00:00:38                           ;
+---------------------------+--------------+-------------------------+---------------------+------------------------------------+


+----------------------------------------------------------------------------------------+
; Flow OS Summary                                                                        ;
+---------------------------+------------------+-----------+------------+----------------+
; Module Name               ; Machine Hostname ; OS Name   ; OS Version ; Processor type ;
+---------------------------+------------------+-----------+------------+----------------+
; Analysis & Synthesis      ; George_PC        ; Windows 7 ; 6.2        ; x86_64         ;
; Fitter                    ; George_PC        ; Windows 7 ; 6.2        ; x86_64         ;
; Assembler                 ; George_PC        ; Windows 7 ; 6.2        ; x86_64         ;
; TimeQuest Timing Analyzer ; George_PC        ; Windows 7 ; 6.2        ; x86_64         ;
; EDA Netlist Writer        ; George_PC        ; Windows 7 ; 6.2        ; x86_64         ;
+---------------------------+------------------+-----------+------------+----------------+


------------
; Flow Log ;
------------
quartus_map --read_settings_files=on --write_settings_files=off film_scanner -c film_scanner
quartus_fit --read_settings_files=off --write_settings_files=off film_scanner -c film_scanner
quartus_asm --read_settings_files=off --write_settings_files=off film_scanner -c film_scanner
quartus_sta film_scanner -c film_scanner
quartus_eda --read_settings_files=off --write_settings_files=off film_scanner -c film_scanner



